[2025-05-15 05:02:24] info: POST /atm/transaction/4
[2025-05-15 05:03:05] info: GET /metrics
[2025-05-15 05:03:05] info: GET /favicon.ico
[2025-05-15 05:03:15] info: GET /metrics
[2025-05-15 05:03:20] info: GET /metrics
[2025-05-15 05:03:22] info: GET /metrics
[2025-05-15 05:03:23] info: GET /metrics
[2025-05-15 05:03:26] info: GET /metrics
[2025-05-15 05:03:40] info: GET /metrics
[2025-05-15 05:03:43] info: GET /metrics
[2025-05-15 05:03:52] info: GET /metrics
[2025-05-15 05:03:54] info: GET /metrics
[2025-05-15 05:03:55] info: GET /metrics
[2025-05-15 05:03:55] info: GET /metrics
[2025-05-15 05:03:56] info: GET /metrics
[2025-05-15 05:03:56] info: GET /metrics
[2025-05-15 05:03:56] info: GET /metrics
[2025-05-15 05:03:56] info: GET /metrics
[2025-05-15 05:03:56] info: GET /metrics
[2025-05-15 05:03:57] info: GET /metrics
[2025-05-15 05:03:57] info: GET /metrics
[2025-05-15 05:03:57] info: GET /metrics
[2025-05-15 05:03:57] info: GET /metrics
[2025-05-15 05:03:57] info: GET /metrics
[2025-05-15 05:03:58] info: GET /metrics
[2025-05-15 05:03:58] info: GET /metrics
[2025-05-15 05:03:58] info: GET /metrics
[2025-05-15 05:03:58] info: GET /metrics
[2025-05-15 05:03:58] info: GET /metrics
[2025-05-15 05:03:59] info: GET /metrics
[2025-05-15 05:03:59] info: GET /metrics
[2025-05-15 05:03:59] info: GET /metrics
[2025-05-15 05:03:59] info: GET /metrics
[2025-05-15 05:03:59] info: GET /metrics
[2025-05-15 05:04:00] info: GET /metrics
[2025-05-15 05:04:00] info: GET /metrics
[2025-05-15 05:04:00] info: GET /metrics
[2025-05-15 05:04:00] info: GET /metrics
[2025-05-15 05:04:00] info: GET /metrics
[2025-05-15 05:04:01] info: GET /metrics
[2025-05-15 05:04:01] info: GET /metrics
[2025-05-15 05:04:01] info: GET /metrics
[2025-05-15 05:04:01] info: GET /metrics
[2025-05-15 05:04:01] info: GET /metrics
[2025-05-15 05:04:02] info: GET /metrics
[2025-05-15 05:04:03] info: GET /metrics
[2025-05-15 05:04:05] info: GET /metrics
[2025-05-15 05:04:05] info: GET /metrics
[2025-05-15 05:04:06] info: GET /metrics
[2025-05-15 05:04:06] info: GET /metrics
[2025-05-15 05:04:09] info: GET /metrics
[2025-05-15 05:04:10] info: GET /metrics
[2025-05-15 05:24:19] info: GET /bank-account/account-details
[2025-05-15 05:24:53] info: POST /bank-account/account-details
[2025-05-15 05:25:36] info: POST /bank-account/account-details
[2025-05-15 05:25:39] info: POST /bank-account/account-details
[2025-05-15 05:25:43] info: POST /bank-account/details
[2025-05-15 05:26:52] info: POST /auth/login
[2025-05-15 05:33:21] info: POST /auth/login
[2025-05-15 05:33:38] info: POST /auth/login
[2025-05-15 05:33:50] info: POST /bank-account/details
[2025-05-15 05:33:50] info: POST /bank-account/details
[2025-05-15 05:34:31] info: POST /bank-account/details
[2025-05-15 05:34:31] info: POST /bank-account/details
[2025-05-15 05:35:04] info: POST /bank-account/details
[2025-05-15 05:35:04] info: POST /bank-account/details
[2025-05-15 05:35:59] info: POST /auth/login
[2025-05-15 05:36:01] info: POST /bank-account/details
[2025-05-15 05:36:01] info: POST /bank-account/details
[2025-05-15 05:36:18] info: POST /bank-account/details
[2025-05-15 05:36:18] info: POST /bank-account/details
[2025-05-15 05:39:05] info: POST /auth/login
[2025-05-15 05:39:07] info: POST /bank-account/details
[2025-05-15 05:39:08] info: POST /bank-account/details
[2025-05-15 05:40:32] info: POST /bank-account/details
[2025-05-15 05:40:32] info: POST /bank-account/details
[2025-05-15 05:40:42] info: POST /bank-account/details
[2025-05-15 05:40:42] info: POST /bank-account/details
[2025-05-15 05:41:02] info: POST /bank-account/details
[2025-05-15 05:41:02] info: POST /bank-account/details
[2025-05-15 05:41:10] info: POST /bank-account/details
[2025-05-15 05:41:10] info: POST /bank-account/details
[2025-05-15 05:42:10] info: GET /bank-account/details
[2025-05-15 05:46:11] info: POST /bank-account/details
[2025-05-15 05:46:12] info: POST /bank-account/details
[2025-05-15 05:47:01] info: POST /auth/login
[2025-05-15 05:47:03] info: POST /bank-account/details
[2025-05-15 05:47:03] info: POST /bank-account/details
[2025-05-15 05:48:11] info: POST /auth/login
[2025-05-15 05:48:14] info: POST /bank-account/details
[2025-05-15 05:48:14] info: POST /bank-account/details
[2025-05-15 05:49:35] info: POST /bank-account/details
[2025-05-15 05:49:35] info: POST /bank-account/details
[2025-05-15 05:53:50] info: POST /bank-account/details
[2025-05-15 05:53:50] info: POST /bank-account/details
[2025-05-15 05:55:25] info: POST /bank-account/details
[2025-05-15 05:55:49] info: POST /bank-account/details
[2025-05-15 05:55:56] info: POST /bank-account/details
[2025-05-15 05:56:31] info: POST /bank-account/details
[2025-05-15 05:56:46] info: POST /bank-account/details
[2025-05-15 05:56:59] info: POST /bank-account/details
[2025-05-15 05:57:04] info: POST /bank-account/details
[2025-05-15 05:57:27] info: POST /bank-account/details
[2025-05-15 05:57:50] info: POST /bank-account/details
[2025-05-15 05:58:20] info: POST /bank-account/details
[2025-05-15 05:58:41] info: POST /bank-account/details
[2025-05-15 05:58:55] info: POST /bank-account/details
[2025-05-15 05:59:00] info: POST /bank-account/details
[2025-05-15 06:00:27] info: POST /bank-account/details
[2025-05-15 06:01:05] info: POST /bank-account/details
[2025-05-15 06:01:05] info: POST /bank-account/details
[2025-05-15 06:01:39] info: POST /bank-account/details
[2025-05-15 06:02:01] info: POST /bank-account/details
[2025-05-15 06:02:06] info: POST /bank-account/details
[2025-05-15 06:02:19] info: POST /bank-account/details
[2025-05-15 06:02:37] info: POST /bank-account/details
[2025-05-15 06:03:53] info: POST /bank-account/details
[2025-05-15 06:03:58] info: POST /bank-account/details
[2025-05-15 06:04:23] info: POST /bank-account/details
[2025-05-15 06:04:58] info: POST /bank-account/details
[2025-05-15 06:04:58] info: POST /bank-account/details
[2025-05-15 06:08:01] info: POST /bank-account/details
[2025-05-15 06:13:34] info: POST /bank-account/details
[2025-05-15 06:13:34] info: POST /bank-account/details
[2025-05-15 06:15:09] info: POST /bank-account/details
[2025-05-15 06:15:09] info: POST /bank-account/details
[2025-05-15 06:15:20] info: POST /bank-account/details
[2025-05-15 06:15:20] info: POST /bank-account/details
[2025-05-15 06:16:42] info: POST /bank-account/details
[2025-05-15 06:16:42] info: POST /bank-account/details
[2025-05-15 06:17:14] info: POST /bank-account/details
[2025-05-15 06:17:25] info: POST /bank-account/details
[2025-05-15 06:17:51] info: POST /bank-account/details
[2025-05-15 06:18:00] info: POST /bank-account/details
[2025-05-15 06:18:00] info: POST /bank-account/details
[2025-05-15 06:18:19] info: POST /bank-account/details
[2025-05-15 06:18:38] info: POST /bank-account/details
[2025-05-15 06:20:04] info: POST /bank-account/details
[2025-05-15 06:20:10] info: POST /bank-account/details
[2025-05-15 06:20:13] info: POST /bank-account/details
[2025-05-15 06:21:02] info: POST /bank-account/details
[2025-05-15 06:21:02] info: POST /bank-account/details
[2025-05-15 06:29:54] info: POST /bank-account/delete
[2025-05-15 06:30:08] info: POST /bank-account/delete
[2025-05-15 06:30:17] info: POST /bank-account/delete/1
[2025-05-15 06:31:12] info: POST /bank-account/delete
[2025-05-15 06:31:54] info: POST /bank-account/delete
[2025-05-15 06:31:59] info: POST /bank-account/delete
[2025-05-15 06:32:44] info: POST /bank-account/delete
[2025-05-15 06:35:23] info: POST /bank-account/details
[2025-05-15 06:37:39] info: POST /bank-account/delete
[2025-05-15 06:43:15] info: POST /bank-account/details
[2025-05-15 06:43:15] info: POST /bank-account/details
[2025-05-15 06:43:29] info: POST /bank-account/delete
[2025-05-15 06:44:59] info: POST /bank-account/details
[2025-05-15 06:46:31] info: POST /bank-account/delete
[2025-05-15 06:51:56] info: POST /bank-account/details
[2025-05-15 06:51:56] info: POST /bank-account/details
[2025-05-15 06:52:17] info: POST /bank-account/details
[2025-05-15 06:52:17] info: POST /bank-account/details
[2025-05-15 06:53:50] info: POST /auth/login
[2025-05-15 06:53:53] info: POST /bank-account/details
[2025-05-15 06:53:53] info: POST /bank-account/details
[2025-05-15 06:54:14] info: POST /bank-account/delete
[2025-05-15 06:56:34] info: POST /bank-account/delete
[2025-05-15 07:01:38] info: POST /bank-account/delete
[2025-05-15 07:02:25] info: POST /bank-account/delete
[2025-05-15 10:23:33] info: GET /ws
[2025-05-15 10:23:35] info: GET /ws
[2025-05-15 10:23:39] info: GET /ws
[2025-05-15 10:38:29] info: POST /bank-account/create
